Assembler report for practica4
Wed May 20 09:01:01 2015
Quartus II 64-Bit Version 14.1.0 Build 186 12/03/2014 SJ Web Edition


---------------------
; Table of Contents ;
---------------------
  1. Legal Notice
  2. Assembler Summary
  3. Assembler Settings
  4. Assembler Encrypted IP Cores Summary
  5. Assembler Generated Files
  6. Assembler Device Options: C:/FPGAs/practica4/output_files/practica4.sof
  7. Assembler Messages



----------------
; Legal Notice ;
----------------
Copyright (C) 1991-2014 Altera Corporation. All rights reserved.
Your use of Altera Corporation's design tools, logic functions 
and other software and tools, and its AMPP partner logic 
functions, and any output files from any of the foregoing 
(including device programming or simulation files), and any 
associated documentation or information are expressly subject 
to the terms and conditions of the Altera Program License 
Subscription Agreement, the Altera Quartus II License Agreement,
the Altera MegaCore Function License Agreement, or other 
applicable license agreement, including, without limitation, 
that your use is for the sole purpose of programming logic 
devices manufactured by Altera and sold by Altera or its 
authorized distributors.  Please refer to the applicable 
agreement for further details.



+---------------------------------------------------------------+
; Assembler Summary                                             ;
+-----------------------+---------------------------------------+
; Assembler Status      ; Successful - Wed May 20 09:01:01 2015 ;
; Revision Name         ; practica4                             ;
; Top-level Entity Name ; practica4                             ;
; Family                ; MAX 10                                ;
; Device                ; 10M08DAF484C8GES                      ;
+-----------------------+---------------------------------------+


+---------------------------------------------------------------------------------------------------------+
; Assembler Settings                                                                                      ;
+-----------------------------------------------------------------------------+-----------+---------------+
; Option                                                                      ; Setting   ; Default Value ;
+-----------------------------------------------------------------------------+-----------+---------------+
; Generate compressed bitstreams                                              ; Off       ; On            ;
; Use configuration device                                                    ; Off       ; On            ;
; Use smart compilation                                                       ; Off       ; Off           ;
; Enable parallel Assembler and TimeQuest Timing Analyzer during compilation  ; On        ; On            ;
; Enable compact report table                                                 ; Off       ; Off           ;
; Compression mode                                                            ; Off       ; Off           ;
; Clock source for configuration device                                       ; Internal  ; Internal      ;
; Clock frequency of the configuration device                                 ; 10 MHZ    ; 10 MHz        ;
; Divide clock frequency by                                                   ; 1         ; 1             ;
; Auto user code                                                              ; On        ; On            ;
; Configuration device                                                        ; Auto      ; Auto          ;
; Configuration device auto user code                                         ; Off       ; Off           ;
; Generate Tabular Text File (.ttf) For Target Device                         ; Off       ; Off           ;
; Generate Raw Binary File (.rbf) For Target Device                           ; Off       ; Off           ;
; Generate Hexadecimal (Intel-Format) Output File (.hexout) for Target Device ; Off       ; Off           ;
; Hexadecimal Output File start address                                       ; 0         ; 0             ;
; Hexadecimal Output File count direction                                     ; Up        ; Up            ;
; Release clears before tri-states                                            ; Off       ; Off           ;
; Auto-restart configuration after error                                      ; On        ; On            ;
; Enable OCT_DONE                                                             ; On        ; On            ;
; Set IO to weak pull-up during configuration                                 ; Off       ; Off           ;
; Generate Serial Vector Format File (.svf) for Target Device                 ; Off       ; Off           ;
; Generate a JEDEC STAPL Format File (.jam) for Target Device                 ; Off       ; Off           ;
; Generate a compressed Jam STAPL Byte Code 2.0 File (.jbc) for Target Device ; Off       ; Off           ;
; Generate a compressed Jam STAPL Byte Code 2.0 File (.jbc) for Target Device ; On        ; On            ;
; In-System Programming Default Clamp State                                   ; Tri-state ; Tri-state     ;
+-----------------------------------------------------------------------------+-----------+---------------+


+------------------------------------------------+
; Assembler Encrypted IP Cores Summary           ;
+--------+------------------------+--------------+
; Vendor ; IP Core Name           ; License Type ;
+--------+------------------------+--------------+
; Altera ; Signal Tap (6AF7 BCE1) ; Licensed     ;
; Altera ; Signal Tap (6AF7 BCEC) ; Licensed     ;
+--------+------------------------+--------------+


+-----------------------------------------------+
; Assembler Generated Files                     ;
+-----------------------------------------------+
; File Name                                     ;
+-----------------------------------------------+
; C:/FPGAs/practica4/output_files/practica4.sof ;
+-----------------------------------------------+


+-------------------------------------------------------------------------+
; Assembler Device Options: C:/FPGAs/practica4/output_files/practica4.sof ;
+----------------+--------------------------------------------------------+
; Option         ; Setting                                                ;
+----------------+--------------------------------------------------------+
; Device         ; 10M08DAF484C8GES                                       ;
; JTAG usercode  ; 0x00295DEF                                             ;
; Checksum       ; 0x00295DEF                                             ;
+----------------+--------------------------------------------------------+


+--------------------+
; Assembler Messages ;
+--------------------+
Info: *******************************************************************
Info: Running Quartus II 64-Bit Assembler
    Info: Version 14.1.0 Build 186 12/03/2014 SJ Web Edition
    Info: Processing started: Wed May 20 09:00:55 2015
Info: Command: quartus_asm --read_settings_files=on --write_settings_files=off practica4 -c practica4
Info (115030): Assembler is generating device programming files
Info: Quartus II 64-Bit Assembler was successful. 0 errors, 0 warnings
    Info: Peak virtual memory: 568 megabytes
    Info: Processing ended: Wed May 20 09:01:01 2015
    Info: Elapsed time: 00:00:06
    Info: Total CPU time (on all processors): 00:00:06


